<?xml version="1.0" encoding="UTF-8"?>
<testsuite xmlns:xsi="http://www.w3.org/2001/XMLSchema-instance" xsi:schemaLocation="https://maven.apache.org/surefire/maven-surefire-plugin/xsd/surefire-test-report.xsd" name="MULE_EE.4.2.2.world-demo-api-test-suite" time="0.0" failures="0" errors="1" skipped="0" tests="1">
  <properties>
[...]
</properties>
  <testcase time="0.0" name="world-demo-api-test-suite.xml" classname="MULE_EE.4.2.2.world-demo-api-test-suite">
    <error>java.lang.IllegalStateException: Cannot start embedded container&#xd;
	at org.mule.runtime.module.embedded.internal.DefaultEmbeddedContainerBuilder$1.start(DefaultEmbeddedContainerBuilder.java:169)&#xd;
	at org.mule.munit.remote.RemoteRunner.run(RemoteRunner.java:111)&#xd;
	at org.mule.munit.remote.RemoteRunner.main(RemoteRunner.java:80)&#xd;
Caused by: java.lang.IllegalArgumentException: Could not find embedded container bom artifact&#xd;
	at org.mule.runtime.module.embedded.internal.MavenContainerClassLoaderFactory.create(MavenContainerClassLoaderFactory.java:83)&#xd;
	at org.mule.runtime.module.embedded.internal.DefaultEmbeddedContainerBuilder$1.start(DefaultEmbeddedContainerBuilder.java:146)&#xd;
	... 2 more&#xd;
Caused by: org.mule.maven.client.api.BundleDependenciesResolutionException: org.eclipse.aether.resolution.ArtifactResolutionException: Failure to find com.mulesoft.mule.distributions:mule-runtime-impl-bom:pom:4.2.2 in https://repo.maven.apache.org/maven2/ was cached in the local repository, resolution will not be reattempted until the update interval of maven-central has elapsed or updates are forced&#xd;
	at org.mule.maven.client.internal.AetherMavenClient.resolveBundleDescriptorDependencies(AetherMavenClient.java:261)&#xd;
	at org.mule.maven.client.internal.AetherMavenClient.resolveBundleDescriptorDependencies(AetherMavenClient.java:232)&#xd;
	at org.mule.runtime.module.embedded.internal.MavenContainerClassLoaderFactory.create(MavenContainerClassLoaderFactory.java:55)&#xd;
	... 3 more&#xd;
Caused by: org.eclipse.aether.resolution.ArtifactResolutionException: Failure to find com.mulesoft.mule.distributions:mule-runtime-impl-bom:pom:4.2.2 in https://repo.maven.apache.org/maven2/ was cached in the local repository, resolution will not be reattempted until the update interval of maven-central has elapsed or updates are forced&#xd;
	at org.eclipse.aether.internal.impl.DefaultArtifactResolver.resolve(DefaultArtifactResolver.java:444)&#xd;
	at org.eclipse.aether.internal.impl.DefaultArtifactResolver.resolveArtifacts(DefaultArtifactResolver.java:246)&#xd;
	at org.eclipse.aether.internal.impl.DefaultArtifactResolver.resolveArtifact(DefaultArtifactResolver.java:223)&#xd;
	at org.eclipse.aether.internal.impl.DefaultRepositorySystem.resolveArtifact(DefaultRepositorySystem.java:294)&#xd;
	at org.mule.maven.client.internal.AetherMavenClient.resolveBundleDescriptorDependencies(AetherMavenClient.java:243)&#xd;
	... 5 more&#xd;
Caused by: org.eclipse.aether.transfer.ArtifactNotFoundException: Failure to find com.mulesoft.mule.distributions:mule-runtime-impl-bom:pom:4.2.2 in https://repo.maven.apache.org/maven2/ was cached in the local repository, resolution will not be reattempted until the update interval of maven-central has elapsed or updates are forced&#xd;
	at org.eclipse.aether.internal.impl.DefaultUpdateCheckManager.newException(DefaultUpdateCheckManager.java:231)&#xd;
	at org.eclipse.aether.internal.impl.DefaultUpdateCheckManager.checkArtifact(DefaultUpdateCheckManager.java:206)&#xd;
	at org.eclipse.aether.internal.impl.DefaultArtifactResolver.gatherDownloads(DefaultArtifactResolver.java:585)&#xd;
	at org.eclipse.aether.internal.impl.DefaultArtifactResolver.performDownloads(DefaultArtifactResolver.java:503)&#xd;
	at org.eclipse.aether.internal.impl.DefaultArtifactResolver.resolve(DefaultArtifactResolver.java:421)&#xd;
	... 9 more&#xd;
</error>
  </testcase>
</testsuite>